<?xml version="1.0" encoding="UTF-8"?>
<testsuite name="com.example.project.TestDay4" tests="4" skipped="0" failures="0" errors="0" timestamp="2024-12-19T16:19:29" hostname="codespaces-bc878d" time="0.07">
  <properties/>
  <testcase name="testSimulateRaceLongerDuration()" classname="com.example.project.TestDay4" time="0.001"/>
  <testcase name="testSimulateSecondRunning()" classname="com.example.project.TestDay4" time="0.02"/>
  <testcase name="testReindeerCreation()" classname="com.example.project.TestDay4" time="0.0"/>
  <testcase name="testSimulateRaceWithHardcodedReindeers()" classname="com.example.project.TestDay4" time="0.012"/>
  <system-out><![CDATA[]]></system-out>
  <system-err><![CDATA[]]></system-err>
</testsuite>
